<?xml version="1.0" encoding="UTF-8" ?>
<testsuite tests="10" failures="0" name="RunTests" time="158.344" errors="4" skipped="1">
  <properties>
    <property name="java.runtime.name" value="Java(TM) SE Runtime Environment"/>
    <property name="sun.boot.library.path" value="C:\Program Files\Java\jdk1.8.0_144\jre\bin"/>
    <property name="java.vm.version" value="25.144-b01"/>
    <property name="user.country.format" value="BR"/>
    <property name="java.vm.vendor" value="Oracle Corporation"/>
    <property name="java.vendor.url" value="http://java.oracle.com/"/>
    <property name="path.separator" value=";"/>
    <property name="guice.disable.misplaced.annotation.check" value="true"/>
    <property name="java.vm.name" value="Java HotSpot(TM) 64-Bit Server VM"/>
    <property name="file.encoding.pkg" value="sun.io"/>
    <property name="user.script" value=""/>
    <property name="user.country" value="US"/>
    <property name="sun.java.launcher" value="SUN_STANDARD"/>
    <property name="sun.os.patch.level" value=""/>
    <property name="test" value="RunTests"/>
    <property name="java.vm.specification.name" value="Java Virtual Machine Specification"/>
    <property name="user.dir" value="C:\Users\Natália\Documents\GitHub\SistemaDeRequerimentoEstudantil\SISRES"/>
    <property name="java.runtime.version" value="1.8.0_144-b01"/>
    <property name="java.awt.graphicsenv" value="sun.awt.Win32GraphicsEnvironment"/>
    <property name="java.endorsed.dirs" value="C:\Program Files\Java\jdk1.8.0_144\jre\lib\endorsed"/>
    <property name="os.arch" value="amd64"/>
    <property name="java.io.tmpdir" value="C:\Users\NATLIA~1\AppData\Local\Temp\"/>
    <property name="line.separator" value="
"/>
    <property name="java.vm.specification.vendor" value="Oracle Corporation"/>
    <property name="user.variant" value=""/>
    <property name="os.name" value="Windows 8.1"/>
    <property name="maven.ext.class.path" value="C:\Program Files\NetBeans 8.2\java\maven-nblib\netbeans-eventspy.jar"/>
    <property name="classworlds.conf" value="C:\Program Files\NetBeans 8.2\java\maven\bin\m2.conf"/>
    <property name="sun.jnu.encoding" value="Cp1252"/>
    <property name="java.library.path" value="C:\Program Files\Java\jdk1.8.0_144\bin;C:\Windows\Sun\Java\bin;C:\Windows\system32;C:\Windows;C:\ProgramData\Oracle\Java\javapath;C:\Program Files\Java\jdk1.8.0_144\bin;C:\Program Files\Microsoft SQL Server\130\Tools\Binn\;C:\Program Files\dotnet\;C:\Program Files\TortoiseSVN\bin;C:\Program Files\Java\jdk1.8.0_144\bin;C:\Program Files\Java\jdk1.8.0_144\jre\bin;C:\Ruby24-x64\bin;."/>
    <property name="java.specification.name" value="Java Platform API Specification"/>
    <property name="java.class.version" value="52.0"/>
    <property name="sun.management.compiler" value="HotSpot 64-Bit Tiered Compilers"/>
    <property name="os.version" value="6.3"/>
    <property name="user.home" value="C:\Users\Natália"/>
    <property name="user.timezone" value="America/Sao_Paulo"/>
    <property name="java.awt.printerjob" value="sun.awt.windows.WPrinterJob"/>
    <property name="java.specification.version" value="1.8"/>
    <property name="file.encoding" value="UTF-8"/>
    <property name="user.name" value="Natália"/>
    <property name="java.class.path" value="C:\Program Files\NetBeans 8.2\java\maven\boot\plexus-classworlds-2.4.jar"/>
    <property name="java.vm.specification.version" value="1.8"/>
    <property name="sun.arch.data.model" value="64"/>
    <property name="java.home" value="C:\Program Files\Java\jdk1.8.0_144\jre"/>
    <property name="sun.java.command" value="org.codehaus.plexus.classworlds.launcher.Launcher -Dtest=RunTests -Dmaven.ext.class.path=C:\Program Files\NetBeans 8.2\java\maven-nblib\netbeans-eventspy.jar -Dfile.encoding=UTF-8 surefire:test"/>
    <property name="java.specification.vendor" value="Oracle Corporation"/>
    <property name="user.language" value="en"/>
    <property name="user.language.format" value="pt"/>
    <property name="awt.toolkit" value="sun.awt.windows.WToolkit"/>
    <property name="java.vm.info" value="mixed mode"/>
    <property name="java.version" value="1.8.0_144"/>
    <property name="java.ext.dirs" value="C:\Program Files\Java\jdk1.8.0_144\jre\lib\ext;C:\Windows\Sun\Java\lib\ext"/>
    <property name="sun.boot.class.path" value="C:\Program Files\Java\jdk1.8.0_144\jre\lib\resources.jar;C:\Program Files\Java\jdk1.8.0_144\jre\lib\rt.jar;C:\Program Files\Java\jdk1.8.0_144\jre\lib\sunrsasign.jar;C:\Program Files\Java\jdk1.8.0_144\jre\lib\jsse.jar;C:\Program Files\Java\jdk1.8.0_144\jre\lib\jce.jar;C:\Program Files\Java\jdk1.8.0_144\jre\lib\charsets.jar;C:\Program Files\Java\jdk1.8.0_144\jre\lib\jfr.jar;C:\Program Files\Java\jdk1.8.0_144\jre\classes"/>
    <property name="java.vendor" value="Oracle Corporation"/>
    <property name="maven.home" value="C:\Program Files\NetBeans 8.2\java\maven"/>
    <property name="file.separator" value="\"/>
    <property name="java.vendor.url.bug" value="http://bugreport.sun.com/bugreport/"/>
    <property name="sun.cpu.endian" value="little"/>
    <property name="sun.io.unicode.encoding" value="UnicodeLittle"/>
    <property name="sun.desktop" value="windows"/>
    <property name="sun.cpu.isalist" value="amd64"/>
  </properties>
  <testcase classname="| \&quot;Comprovante de matricula\&quot; | \&quot;2\&quot; | \&quot;Nicole Goncalves Castro\&quot; |" name="Dado a tela inicial cadastro de processos aberta" time="0"/>
  <testcase classname="| \&quot;Comprovante de matricula\&quot; | \&quot;2\&quot; | \&quot;Nicole Goncalves Castro\&quot; |" name="Quando o administrador definir o fluxo do processo com as seguintes  atividades:" time="0"/>
  <testcase classname="| \&quot;Comprovante de matricula\&quot; | \&quot;2\&quot; | \&quot;Nicole Goncalves Castro\&quot; |" name="E o administrador informar o nome \&quot;Comprovante de matricula\&quot; a dura\u00E7\u00E3o em dias \&quot;2\&quot; o responsavel \&quot;Nicole Goncalves Castro\&quot; e salvar" time="0.001"/>
  <testcase classname="| \&quot;Comprovante de matricula\&quot; | \&quot;2\&quot; | \&quot;Nicole Goncalves Castro\&quot; |" name="Entao deve ser exibida a seguinte mensagem : \&quot;Processo cadastrado com Sucesso!\&quot;" time="0.017">
    <error message="Unable to locate element: .ui\-growl\-title
For documentation on this error, please visit: http://seleniumhq.org/exceptions/no_such_element.html
Build info: version: &apos;3.6.0&apos;, revision: &apos;6fbf3ec767&apos;, time: &apos;2017-09-27T15:28:36.4Z&apos;
System info: host: &apos;NATÁLIA&apos;, ip: &apos;192.168.99.1&apos;, os.name: &apos;Windows 8.1&apos;, os.arch: &apos;amd64&apos;, os.version: &apos;6.3&apos;, java.version: &apos;1.8.0_144&apos;
Driver info: org.openqa.selenium.firefox.FirefoxDriver
Capabilities [{moz:profile=C:\Users\Natália\AppData\Local\Temp\rust_mozprofile.Mqei5D13DalO, rotatable=false, timeouts={implicit=0, pageLoad=300000, script=30000}, pageLoadStrategy=normal, moz:headless=false, platform=XP, moz:accessibilityChecks=false, acceptInsecureCerts=true, browserVersion=57.0, platformVersion=6.3, moz:processID=8156, browserName=firefox, javascriptEnabled=true, platformName=XP, moz:webdriverClick=false}]
Session ID: 1d4c4ba8-1ed4-4b28-8c31-04d0a1712e7a
*** Element info: {Using=class name, value=ui-growl-title}" type="org.openqa.selenium.NoSuchElementException">org.openqa.selenium.NoSuchElementException: Unable to locate element: .ui\-growl\-title
For documentation on this error, please visit: http://seleniumhq.org/exceptions/no_such_element.html
Build info: version: &apos;3.6.0&apos;, revision: &apos;6fbf3ec767&apos;, time: &apos;2017-09-27T15:28:36.4Z&apos;
System info: host: &apos;NATÁLIA&apos;, ip: &apos;192.168.99.1&apos;, os.name: &apos;Windows 8.1&apos;, os.arch: &apos;amd64&apos;, os.version: &apos;6.3&apos;, java.version: &apos;1.8.0_144&apos;
Driver info: org.openqa.selenium.firefox.FirefoxDriver
Capabilities [{moz:profile=C:\Users\Natália\AppData\Local\Temp\rust_mozprofile.Mqei5D13DalO, rotatable=false, timeouts={implicit=0, pageLoad=300000, script=30000}, pageLoadStrategy=normal, moz:headless=false, platform=XP, moz:accessibilityChecks=false, acceptInsecureCerts=true, browserVersion=57.0, platformVersion=6.3, moz:processID=8156, browserName=firefox, javascriptEnabled=true, platformName=XP, moz:webdriverClick=false}]
Session ID: 1d4c4ba8-1ed4-4b28-8c31-04d0a1712e7a
*** Element info: {Using=class name, value=ui-growl-title}
	at sun.reflect.NativeConstructorAccessorImpl.newInstance0(Native Method)
	at sun.reflect.NativeConstructorAccessorImpl.newInstance(NativeConstructorAccessorImpl.java:62)
	at sun.reflect.DelegatingConstructorAccessorImpl.newInstance(DelegatingConstructorAccessorImpl.java:45)
	at java.lang.reflect.Constructor.newInstance(Constructor.java:423)
	at org.openqa.selenium.remote.http.W3CHttpResponseCodec.createException(W3CHttpResponseCodec.java:185)
	at org.openqa.selenium.remote.http.W3CHttpResponseCodec.decode(W3CHttpResponseCodec.java:120)
	at org.openqa.selenium.remote.http.W3CHttpResponseCodec.decode(W3CHttpResponseCodec.java:49)
	at org.openqa.selenium.remote.HttpCommandExecutor.execute(HttpCommandExecutor.java:164)
	at org.openqa.selenium.remote.service.DriverCommandExecutor.execute(DriverCommandExecutor.java:83)
	at org.openqa.selenium.remote.RemoteWebDriver.execute(RemoteWebDriver.java:586)
	at org.openqa.selenium.remote.RemoteWebDriver.findElement(RemoteWebDriver.java:356)
	at org.openqa.selenium.remote.RemoteWebDriver.findElementByClassName(RemoteWebDriver.java:442)
	at org.openqa.selenium.By$ByClassName.findElement(By.java:391)
	at org.openqa.selenium.remote.RemoteWebDriver.findElement(RemoteWebDriver.java:348)
	at step_definitions.ProcessoSteps.deve_ser_exibida_a_seguinte_mensagem(ProcessoSteps.java:71)
	at ✽.Entao deve ser exibida a seguinte mensagem : &quot;Processo cadastrado com Sucesso!&quot;(src/main/java/features/Processo.feature:22)
</error>
  </testcase>
  <testcase classname="| \&quot;Comprovante de matricula\&quot; | \&quot;2\&quot; | \&quot;Nicole Goncalves Castro\&quot; |" name="| \&quot;Comprovante de matricula\&quot; | \&quot;2\&quot; | \&quot;Nicole Goncalves Castro\&quot; |" time="0.018">
    <error message="Unable to locate element: .ui\-growl\-title
For documentation on this error, please visit: http://seleniumhq.org/exceptions/no_such_element.html
Build info: version: &apos;3.6.0&apos;, revision: &apos;6fbf3ec767&apos;, time: &apos;2017-09-27T15:28:36.4Z&apos;
System info: host: &apos;NATÁLIA&apos;, ip: &apos;192.168.99.1&apos;, os.name: &apos;Windows 8.1&apos;, os.arch: &apos;amd64&apos;, os.version: &apos;6.3&apos;, java.version: &apos;1.8.0_144&apos;
Driver info: org.openqa.selenium.firefox.FirefoxDriver
Capabilities [{moz:profile=C:\Users\Natália\AppData\Local\Temp\rust_mozprofile.Mqei5D13DalO, rotatable=false, timeouts={implicit=0, pageLoad=300000, script=30000}, pageLoadStrategy=normal, moz:headless=false, platform=XP, moz:accessibilityChecks=false, acceptInsecureCerts=true, browserVersion=57.0, platformVersion=6.3, moz:processID=8156, browserName=firefox, javascriptEnabled=true, platformName=XP, moz:webdriverClick=false}]
Session ID: 1d4c4ba8-1ed4-4b28-8c31-04d0a1712e7a
*** Element info: {Using=class name, value=ui-growl-title}" type="org.openqa.selenium.NoSuchElementException">org.openqa.selenium.NoSuchElementException: Unable to locate element: .ui\-growl\-title
For documentation on this error, please visit: http://seleniumhq.org/exceptions/no_such_element.html
Build info: version: &apos;3.6.0&apos;, revision: &apos;6fbf3ec767&apos;, time: &apos;2017-09-27T15:28:36.4Z&apos;
System info: host: &apos;NATÁLIA&apos;, ip: &apos;192.168.99.1&apos;, os.name: &apos;Windows 8.1&apos;, os.arch: &apos;amd64&apos;, os.version: &apos;6.3&apos;, java.version: &apos;1.8.0_144&apos;
Driver info: org.openqa.selenium.firefox.FirefoxDriver
Capabilities [{moz:profile=C:\Users\Natália\AppData\Local\Temp\rust_mozprofile.Mqei5D13DalO, rotatable=false, timeouts={implicit=0, pageLoad=300000, script=30000}, pageLoadStrategy=normal, moz:headless=false, platform=XP, moz:accessibilityChecks=false, acceptInsecureCerts=true, browserVersion=57.0, platformVersion=6.3, moz:processID=8156, browserName=firefox, javascriptEnabled=true, platformName=XP, moz:webdriverClick=false}]
Session ID: 1d4c4ba8-1ed4-4b28-8c31-04d0a1712e7a
*** Element info: {Using=class name, value=ui-growl-title}
	at sun.reflect.NativeConstructorAccessorImpl.newInstance0(Native Method)
	at sun.reflect.NativeConstructorAccessorImpl.newInstance(NativeConstructorAccessorImpl.java:62)
	at sun.reflect.DelegatingConstructorAccessorImpl.newInstance(DelegatingConstructorAccessorImpl.java:45)
	at java.lang.reflect.Constructor.newInstance(Constructor.java:423)
	at org.openqa.selenium.remote.http.W3CHttpResponseCodec.createException(W3CHttpResponseCodec.java:185)
	at org.openqa.selenium.remote.http.W3CHttpResponseCodec.decode(W3CHttpResponseCodec.java:120)
	at org.openqa.selenium.remote.http.W3CHttpResponseCodec.decode(W3CHttpResponseCodec.java:49)
	at org.openqa.selenium.remote.HttpCommandExecutor.execute(HttpCommandExecutor.java:164)
	at org.openqa.selenium.remote.service.DriverCommandExecutor.execute(DriverCommandExecutor.java:83)
	at org.openqa.selenium.remote.RemoteWebDriver.execute(RemoteWebDriver.java:586)
	at org.openqa.selenium.remote.RemoteWebDriver.findElement(RemoteWebDriver.java:356)
	at org.openqa.selenium.remote.RemoteWebDriver.findElementByClassName(RemoteWebDriver.java:442)
	at org.openqa.selenium.By$ByClassName.findElement(By.java:391)
	at org.openqa.selenium.remote.RemoteWebDriver.findElement(RemoteWebDriver.java:348)
	at step_definitions.ProcessoSteps.deve_ser_exibida_a_seguinte_mensagem(ProcessoSteps.java:71)
	at ✽.Entao deve ser exibida a seguinte mensagem : &quot;Processo cadastrado com Sucesso!&quot;(src/main/java/features/Processo.feature:22)
</error>
  </testcase>
  <testcase classname="| \&quot;Comprovante de matricula\&quot; | \&quot;Solicitacao de Comprovante de matricula\&quot; | \&quot;2\&quot; | \&quot;Nicole Goncalves Castro\&quot; |" name="Dado a tela de listagem de processos aberta" time="0"/>
  <testcase classname="| \&quot;Comprovante de matricula\&quot; | \&quot;Solicitacao de Comprovante de matricula\&quot; | \&quot;2\&quot; | \&quot;Nicole Goncalves Castro\&quot; |" name="Quando o administrador selecionar o processo \&quot;Comprovante de matricula\&quot; que deseja alterar" time="0"/>
  <testcase classname="| \&quot;Comprovante de matricula\&quot; | \&quot;Solicitacao de Comprovante de matricula\&quot; | \&quot;2\&quot; | \&quot;Nicole Goncalves Castro\&quot; |" name="E informar o \&quot;Solicitacao de Comprovante de matricula\&quot; a duracao \&quot;2\&quot; e o \&quot;Nicole Goncalves Castro\&quot; para atualiza\u00E7\u00E3o" time="0">
    <error type="java.lang.NullPointerException">java.lang.NullPointerException
	at step_definitions.ProcessoSteps.informar_o_a_duracao_e_o_para_atualização(ProcessoSteps.java:227)
	at ✽.E informar o &quot;Solicitacao de Comprovante de matricula&quot; a duracao &quot;2&quot; e o &quot;Nicole Goncalves Castro&quot; para atualização(src/main/java/features/Processo.feature:32)
</error>
  </testcase>
  <testcase classname="| \&quot;Comprovante de matricula\&quot; | \&quot;Solicitacao de Comprovante de matricula\&quot; | \&quot;2\&quot; | \&quot;Nicole Goncalves Castro\&quot; |" name="| \&quot;Comprovante de matricula\&quot; | \&quot;Solicitacao de Comprovante de matricula\&quot; | \&quot;2\&quot; | \&quot;Nicole Goncalves Castro\&quot; |" time="0">
    <error type="java.lang.NullPointerException">java.lang.NullPointerException
	at step_definitions.ProcessoSteps.informar_o_a_duracao_e_o_para_atualização(ProcessoSteps.java:227)
	at ✽.E informar o &quot;Solicitacao de Comprovante de matricula&quot; a duracao &quot;2&quot; e o &quot;Nicole Goncalves Castro&quot; para atualização(src/main/java/features/Processo.feature:32)
</error>
  </testcase>
  <testcase classname="| \&quot;Comprovante de matricula\&quot; | \&quot;Solicitacao de Comprovante de matricula\&quot; | \&quot;2\&quot; | \&quot;Nicole Goncalves Castro\&quot; |" name="Entao deve ser exibida a seguinte mensagem : \&quot;Processo alterado com Sucesso!\&quot;" time="0">
    <skipped/>
  </testcase>
</testsuite>