<?xml version="1.0" encoding="UTF-8" ?>
<testsuite tests="34" failures="0" name="RunTests" time="49.363" errors="0" skipped="0">
  <properties>
    <property name="java.runtime.name" value="Java(TM) SE Runtime Environment"/>
    <property name="sun.boot.library.path" value="C:\Program Files\Java\jdk1.8.0_144\jre\bin"/>
    <property name="java.vm.version" value="25.144-b01"/>
    <property name="user.country.format" value="BR"/>
    <property name="java.vm.vendor" value="Oracle Corporation"/>
    <property name="java.vendor.url" value="http://java.oracle.com/"/>
    <property name="path.separator" value=";"/>
    <property name="guice.disable.misplaced.annotation.check" value="true"/>
    <property name="java.vm.name" value="Java HotSpot(TM) 64-Bit Server VM"/>
    <property name="file.encoding.pkg" value="sun.io"/>
    <property name="user.script" value=""/>
    <property name="user.country" value="US"/>
    <property name="sun.java.launcher" value="SUN_STANDARD"/>
    <property name="sun.os.patch.level" value=""/>
    <property name="test" value="RunTests"/>
    <property name="java.vm.specification.name" value="Java Virtual Machine Specification"/>
    <property name="user.dir" value="C:\Users\Natália\Desktop\SISRES"/>
    <property name="java.runtime.version" value="1.8.0_144-b01"/>
    <property name="java.awt.graphicsenv" value="sun.awt.Win32GraphicsEnvironment"/>
    <property name="java.endorsed.dirs" value="C:\Program Files\Java\jdk1.8.0_144\jre\lib\endorsed"/>
    <property name="os.arch" value="amd64"/>
    <property name="java.io.tmpdir" value="C:\Users\NATLIA~1\AppData\Local\Temp\"/>
    <property name="line.separator" value="
"/>
    <property name="java.vm.specification.vendor" value="Oracle Corporation"/>
    <property name="user.variant" value=""/>
    <property name="os.name" value="Windows 8.1"/>
    <property name="maven.ext.class.path" value="C:\Program Files\NetBeans 8.2\java\maven-nblib\netbeans-eventspy.jar"/>
    <property name="classworlds.conf" value="C:\Program Files\NetBeans 8.2\java\maven\bin\m2.conf"/>
    <property name="sun.jnu.encoding" value="Cp1252"/>
    <property name="java.library.path" value="C:\Program Files\Java\jdk1.8.0_144\bin;C:\Windows\Sun\Java\bin;C:\Windows\system32;C:\Windows;C:\ProgramData\Oracle\Java\javapath;C:\Program Files\Java\jdk1.8.0_144\bin;C:\Program Files\Microsoft SQL Server\130\Tools\Binn\;C:\Program Files\dotnet\;C:\Program Files\TortoiseSVN\bin;C:\Program Files\Java\jdk1.8.0_144\bin;C:\Program Files\Java\jdk1.8.0_144\jre\bin;C:\Ruby24-x64\bin;."/>
    <property name="java.specification.name" value="Java Platform API Specification"/>
    <property name="java.class.version" value="52.0"/>
    <property name="sun.management.compiler" value="HotSpot 64-Bit Tiered Compilers"/>
    <property name="os.version" value="6.3"/>
    <property name="user.home" value="C:\Users\Natália"/>
    <property name="user.timezone" value="America/Sao_Paulo"/>
    <property name="java.awt.printerjob" value="sun.awt.windows.WPrinterJob"/>
    <property name="java.specification.version" value="1.8"/>
    <property name="file.encoding" value="UTF-8"/>
    <property name="user.name" value="Natália"/>
    <property name="java.class.path" value="C:\Program Files\NetBeans 8.2\java\maven\boot\plexus-classworlds-2.4.jar"/>
    <property name="java.vm.specification.version" value="1.8"/>
    <property name="sun.arch.data.model" value="64"/>
    <property name="java.home" value="C:\Program Files\Java\jdk1.8.0_144\jre"/>
    <property name="sun.java.command" value="org.codehaus.plexus.classworlds.launcher.Launcher -Dtest=RunTests -Dmaven.ext.class.path=C:\Program Files\NetBeans 8.2\java\maven-nblib\netbeans-eventspy.jar -Dfile.encoding=UTF-8 surefire:test"/>
    <property name="java.specification.vendor" value="Oracle Corporation"/>
    <property name="user.language" value="en"/>
    <property name="user.language.format" value="pt"/>
    <property name="awt.toolkit" value="sun.awt.windows.WToolkit"/>
    <property name="java.vm.info" value="mixed mode"/>
    <property name="java.version" value="1.8.0_144"/>
    <property name="java.ext.dirs" value="C:\Program Files\Java\jdk1.8.0_144\jre\lib\ext;C:\Windows\Sun\Java\lib\ext"/>
    <property name="sun.boot.class.path" value="C:\Program Files\Java\jdk1.8.0_144\jre\lib\resources.jar;C:\Program Files\Java\jdk1.8.0_144\jre\lib\rt.jar;C:\Program Files\Java\jdk1.8.0_144\jre\lib\sunrsasign.jar;C:\Program Files\Java\jdk1.8.0_144\jre\lib\jsse.jar;C:\Program Files\Java\jdk1.8.0_144\jre\lib\jce.jar;C:\Program Files\Java\jdk1.8.0_144\jre\lib\charsets.jar;C:\Program Files\Java\jdk1.8.0_144\jre\lib\jfr.jar;C:\Program Files\Java\jdk1.8.0_144\jre\classes"/>
    <property name="java.vendor" value="Oracle Corporation"/>
    <property name="maven.home" value="C:\Program Files\NetBeans 8.2\java\maven"/>
    <property name="file.separator" value="\"/>
    <property name="java.vendor.url.bug" value="http://bugreport.sun.com/bugreport/"/>
    <property name="sun.cpu.endian" value="little"/>
    <property name="sun.io.unicode.encoding" value="UnicodeLittle"/>
    <property name="sun.desktop" value="windows"/>
    <property name="sun.cpu.isalist" value="amd64"/>
  </properties>
  <testcase classname="| \&quot;25\/12\/2017\&quot; | \&quot;Natal\&quot; |" name="Dado a tela inicial de feriados aberta" time="0"/>
  <testcase classname="| \&quot;25\/12\/2017\&quot; | \&quot;Natal\&quot; |" name="Quando o administrador informar a \&quot;25\/12\/2017\&quot; e o \&quot;Natal\&quot; do feriado" time="0.015"/>
  <testcase classname="| \&quot;25\/12\/2017\&quot; | \&quot;Natal\&quot; |" name="Entao deve ser exibida a mensagem para o feriado \&quot;Feriado cadastrado com Sucesso!\&quot;" time="0"/>
  <testcase classname="| \&quot;25\/12\/2017\&quot; | \&quot;Natal\&quot; |" name="| \&quot;25\/12\/2017\&quot; | \&quot;Natal\&quot; |" time="0"/>
  <testcase classname="| \&quot;1\/05\/2017\&quot; | \&quot;Dia do Trabalhador\&quot; |" name="Dado a tela inicial de feriados aberta" time="0"/>
  <testcase classname="| \&quot;1\/05\/2017\&quot; | \&quot;Dia do Trabalhador\&quot; |" name="Quando o administrador informar a \&quot;1\/05\/2017\&quot; e o \&quot;Dia do Trabalhador\&quot; do feriado" time="0"/>
  <testcase classname="| \&quot;1\/05\/2017\&quot; | \&quot;Dia do Trabalhador\&quot; |" name="Entao deve ser exibida a mensagem para o feriado \&quot;Feriado cadastrado com Sucesso!\&quot;" time="0"/>
  <testcase classname="| \&quot;1\/05\/2017\&quot; | \&quot;Dia do Trabalhador\&quot; |" name="| \&quot;1\/05\/2017\&quot; | \&quot;Dia do Trabalhador\&quot; |" time="0"/>
  <testcase classname="| \&quot;2\/11\/2017\&quot; | \&quot;Finados\&quot; |" name="Dado a tela inicial de feriados aberta" time="0"/>
  <testcase classname="| \&quot;2\/11\/2017\&quot; | \&quot;Finados\&quot; |" name="Quando o administrador informar a \&quot;2\/11\/2017\&quot; e o \&quot;Finados\&quot; do feriado" time="0"/>
  <testcase classname="| \&quot;2\/11\/2017\&quot; | \&quot;Finados\&quot; |" name="Entao deve ser exibida a mensagem para o feriado \&quot;Feriado cadastrado com Sucesso!\&quot;" time="0"/>
  <testcase classname="| \&quot;2\/11\/2017\&quot; | \&quot;Finados\&quot; |" name="| \&quot;2\/11\/2017\&quot; | \&quot;Finados\&quot; |" time="0"/>
  <testcase classname="| \&quot;Dia do Trabalhador\&quot; | \&quot;2\/06\/2017\&quot; | \&quot;Dia do Trabalhador\&quot; |" name="Dado a tela inicial de feriados aberta" time="0"/>
  <testcase classname="| \&quot;Dia do Trabalhador\&quot; | \&quot;2\/06\/2017\&quot; | \&quot;Dia do Trabalhador\&quot; |" name="E o administrador deve selecionar o registro \&quot;Dia do Trabalhador\&quot; que deseja alterar" time="0"/>
  <testcase classname="| \&quot;Dia do Trabalhador\&quot; | \&quot;2\/06\/2017\&quot; | \&quot;Dia do Trabalhador\&quot; |" name="Quando o administrador informar a \&quot;2\/06\/2017\&quot; e o \&quot;Dia do Trabalhador\&quot; do feriado para atualiza\u00E7\u00E3o" time="0"/>
  <testcase classname="| \&quot;Dia do Trabalhador\&quot; | \&quot;2\/06\/2017\&quot; | \&quot;Dia do Trabalhador\&quot; |" name="Entao deve ser exibida a mensagem para o feriado \&quot;Feriado alterado com Sucesso!\&quot;" time="0"/>
  <testcase classname="| \&quot;Dia do Trabalhador\&quot; | \&quot;2\/06\/2017\&quot; | \&quot;Dia do Trabalhador\&quot; |" name="| \&quot;Dia do Trabalhador\&quot; | \&quot;2\/06\/2017\&quot; | \&quot;Dia do Trabalhador\&quot; |" time="0"/>
  <testcase classname="| \&quot;Finados\&quot; | \&quot;2\/11\/2017\&quot; | \&quot;Dia de Finados\&quot; |" name="Dado a tela inicial de feriados aberta" time="0"/>
  <testcase classname="| \&quot;Finados\&quot; | \&quot;2\/11\/2017\&quot; | \&quot;Dia de Finados\&quot; |" name="E o administrador deve selecionar o registro \&quot;Finados\&quot; que deseja alterar" time="0"/>
  <testcase classname="| \&quot;Finados\&quot; | \&quot;2\/11\/2017\&quot; | \&quot;Dia de Finados\&quot; |" name="Quando o administrador informar a \&quot;2\/11\/2017\&quot; e o \&quot;Dia de Finados\&quot; do feriado para atualiza\u00E7\u00E3o" time="0"/>
  <testcase classname="| \&quot;Finados\&quot; | \&quot;2\/11\/2017\&quot; | \&quot;Dia de Finados\&quot; |" name="Entao deve ser exibida a mensagem para o feriado \&quot;Feriado alterado com Sucesso!\&quot;" time="0"/>
  <testcase classname="| \&quot;Finados\&quot; | \&quot;2\/11\/2017\&quot; | \&quot;Dia de Finados\&quot; |" name="| \&quot;Finados\&quot; | \&quot;2\/11\/2017\&quot; | \&quot;Dia de Finados\&quot; |" time="0"/>
  <testcase classname="| \&quot;Dia do Trabalhador\&quot; |" name="Dado a tela inicial de feriados aberta" time="0"/>
  <testcase classname="| \&quot;Dia do Trabalhador\&quot; |" name="Quando o administrador deve selecionar o registro \&quot;Dia do Trabalhador\&quot; que deseja remover" time="0"/>
  <testcase classname="| \&quot;Dia do Trabalhador\&quot; |" name="Entao deve ser exibida a mensagem para o feriado \&quot;Feriado removido com Sucesso!\&quot;" time="0"/>
  <testcase classname="| \&quot;Dia do Trabalhador\&quot; |" name="| \&quot;Dia do Trabalhador\&quot; |" time="0"/>
  <testcase classname="| \&quot;Dia de Finados\&quot; |" name="Dado a tela inicial de feriados aberta" time="0"/>
  <testcase classname="| \&quot;Dia de Finados\&quot; |" name="Quando o administrador deve selecionar o registro \&quot;Dia de Finados\&quot; que deseja remover" time="0"/>
  <testcase classname="| \&quot;Dia de Finados\&quot; |" name="Entao deve ser exibida a mensagem para o feriado \&quot;Feriado removido com Sucesso!\&quot;" time="0"/>
  <testcase classname="| \&quot;Dia de Finados\&quot; |" name="| \&quot;Dia de Finados\&quot; |" time="0"/>
  <testcase classname="| \&quot;Natal\&quot; |" name="Dado a tela inicial de feriados aberta" time="0"/>
  <testcase classname="| \&quot;Natal\&quot; |" name="Quando o administrador deve selecionar o registro \&quot;Natal\&quot; que deseja remover" time="0"/>
  <testcase classname="| \&quot;Natal\&quot; |" name="Entao deve ser exibida a mensagem para o feriado \&quot;Feriado removido com Sucesso!\&quot;" time="0"/>
  <testcase classname="| \&quot;Natal\&quot; |" name="| \&quot;Natal\&quot; |" time="0"/>
</testsuite>