<?xml version="1.0" encoding="UTF-8" ?>
<testsuite tests="18" failures="0" name="RunTests" time="7.203" errors="0" skipped="12">
  <properties>
    <property name="java.runtime.name" value="Java(TM) SE Runtime Environment"/>
    <property name="sun.boot.library.path" value="C:\Program Files\Java\jdk1.8.0_151\jre\bin"/>
    <property name="java.vm.version" value="25.151-b12"/>
    <property name="java.vm.vendor" value="Oracle Corporation"/>
    <property name="java.vendor.url" value="http://java.oracle.com/"/>
    <property name="path.separator" value=";"/>
    <property name="guice.disable.misplaced.annotation.check" value="true"/>
    <property name="java.vm.name" value="Java HotSpot(TM) 64-Bit Server VM"/>
    <property name="file.encoding.pkg" value="sun.io"/>
    <property name="user.script" value=""/>
    <property name="user.country" value="BR"/>
    <property name="sun.java.launcher" value="SUN_STANDARD"/>
    <property name="sun.os.patch.level" value=""/>
    <property name="test" value="RunTests"/>
    <property name="java.vm.specification.name" value="Java Virtual Machine Specification"/>
    <property name="user.dir" value="C:\Users\natal\Documents\GitHub\SistemaDeRequerimentoEstudantil\SISRES"/>
    <property name="java.runtime.version" value="1.8.0_151-b12"/>
    <property name="java.awt.graphicsenv" value="sun.awt.Win32GraphicsEnvironment"/>
    <property name="java.endorsed.dirs" value="C:\Program Files\Java\jdk1.8.0_151\jre\lib\endorsed"/>
    <property name="os.arch" value="amd64"/>
    <property name="java.io.tmpdir" value="C:\Users\natal\AppData\Local\Temp\"/>
    <property name="line.separator" value="
"/>
    <property name="java.vm.specification.vendor" value="Oracle Corporation"/>
    <property name="user.variant" value=""/>
    <property name="os.name" value="Windows 10"/>
    <property name="maven.ext.class.path" value="C:\Program Files\NetBeans 8.2\java\maven-nblib\netbeans-eventspy.jar"/>
    <property name="classworlds.conf" value="C:\Program Files\NetBeans 8.2\java\maven\bin\m2.conf"/>
    <property name="sun.jnu.encoding" value="Cp1252"/>
    <property name="java.library.path" value="C:\Program Files\Java\jdk1.8.0_151\bin;C:\WINDOWS\Sun\Java\bin;C:\WINDOWS\system32;C:\WINDOWS;C:\ProgramData\Oracle\Java\javapath;C:\Program Files (x86)\Intel\iCLS Client\;C:\Program Files\Intel\iCLS Client\;C:\Windows\system32;C:\Windows;C:\Windows\System32\Wbem;C:\Windows\System32\WindowsPowerShell\v1.0\;C:\Program Files (x86)\NVIDIA Corporation\PhysX\Common;C:\Program Files (x86)\Intel\Intel(R) Management Engine Components\DAL;C:\Program Files\Intel\Intel(R) Management Engine Components\DAL;C:\Program Files (x86)\Intel\Intel(R) Management Engine Components\IPT;C:\Program Files\Intel\Intel(R) Management Engine Components\IPT;C:\Program Files\MySQL\MySQL Utilities 1.6\;C:\Program Files\Java\jdk1.8.0_151\bin;C:\Program Files\apache-maven-3.5.2\bin;;%SystemRoot%\system32;%SystemRoot%;%SystemRoot%\System32\Wbem;%SYSTEMROOT%\System32\WindowsPowerShell\v1.0\;C:\Users\natal\AppData\Local\Microsoft\WindowsApps;;."/>
    <property name="java.specification.name" value="Java Platform API Specification"/>
    <property name="java.class.version" value="52.0"/>
    <property name="sun.management.compiler" value="HotSpot 64-Bit Tiered Compilers"/>
    <property name="os.version" value="10.0"/>
    <property name="user.home" value="C:\Users\natal"/>
    <property name="user.timezone" value="America/Cayenne"/>
    <property name="java.awt.printerjob" value="sun.awt.windows.WPrinterJob"/>
    <property name="java.specification.version" value="1.8"/>
    <property name="file.encoding" value="UTF-8"/>
    <property name="user.name" value="natal"/>
    <property name="java.class.path" value="C:\Program Files\NetBeans 8.2\java\maven\boot\plexus-classworlds-2.4.jar"/>
    <property name="java.vm.specification.version" value="1.8"/>
    <property name="sun.arch.data.model" value="64"/>
    <property name="java.home" value="C:\Program Files\Java\jdk1.8.0_151\jre"/>
    <property name="sun.java.command" value="org.codehaus.plexus.classworlds.launcher.Launcher -Dtest=RunTests -Dmaven.ext.class.path=C:\Program Files\NetBeans 8.2\java\maven-nblib\netbeans-eventspy.jar -Dfile.encoding=UTF-8 surefire:test"/>
    <property name="java.specification.vendor" value="Oracle Corporation"/>
    <property name="user.language" value="pt"/>
    <property name="awt.toolkit" value="sun.awt.windows.WToolkit"/>
    <property name="java.vm.info" value="mixed mode"/>
    <property name="java.version" value="1.8.0_151"/>
    <property name="java.ext.dirs" value="C:\Program Files\Java\jdk1.8.0_151\jre\lib\ext;C:\WINDOWS\Sun\Java\lib\ext"/>
    <property name="sun.boot.class.path" value="C:\Program Files\Java\jdk1.8.0_151\jre\lib\resources.jar;C:\Program Files\Java\jdk1.8.0_151\jre\lib\rt.jar;C:\Program Files\Java\jdk1.8.0_151\jre\lib\sunrsasign.jar;C:\Program Files\Java\jdk1.8.0_151\jre\lib\jsse.jar;C:\Program Files\Java\jdk1.8.0_151\jre\lib\jce.jar;C:\Program Files\Java\jdk1.8.0_151\jre\lib\charsets.jar;C:\Program Files\Java\jdk1.8.0_151\jre\lib\jfr.jar;C:\Program Files\Java\jdk1.8.0_151\jre\classes"/>
    <property name="java.vendor" value="Oracle Corporation"/>
    <property name="maven.home" value="C:\Program Files\NetBeans 8.2\java\maven"/>
    <property name="file.separator" value="\"/>
    <property name="java.vendor.url.bug" value="http://bugreport.sun.com/bugreport/"/>
    <property name="sun.cpu.endian" value="little"/>
    <property name="sun.io.unicode.encoding" value="UnicodeLittle"/>
    <property name="sun.desktop" value="windows"/>
    <property name="sun.cpu.isalist" value="amd64"/>
  </properties>
  <testcase classname="| \&quot;Carlos Macedo\&quot; | \&quot;C2345M\&quot; | \&quot;carlos_macedo@gmail.com\&quot; | \&quot;true\&quot; | \&quot;true\&quot; | \&quot;Biblioteca\&quot; |" name="Dado a tela inicial do cadastro aberta" time="0.001"/>
  <testcase classname="| \&quot;Carlos Macedo\&quot; | \&quot;C2345M\&quot; | \&quot;carlos_macedo@gmail.com\&quot; | \&quot;true\&quot; | \&quot;true\&quot; | \&quot;Biblioteca\&quot; |" name="Quando o usuario informar o \&quot;Carlos Macedo\&quot; \u002C \&quot;carlos_macedo@gmail.com\&quot; \u002C  \&quot;C2345M\&quot; \u002C se e \&quot;true\&quot; . Caso seja tambem informar se e \&quot;true\&quot; e o \&quot;Biblioteca\&quot;" time="0.008">
    <skipped/>
  </testcase>
  <testcase classname="| \&quot;Carlos Macedo\&quot; | \&quot;C2345M\&quot; | \&quot;carlos_macedo@gmail.com\&quot; | \&quot;true\&quot; | \&quot;true\&quot; | \&quot;Biblioteca\&quot; |" name="E confirmar a senha \&quot;C2345M\&quot;" time="0.008">
    <skipped/>
  </testcase>
  <testcase classname="| \&quot;Carlos Macedo\&quot; | \&quot;C2345M\&quot; | \&quot;carlos_macedo@gmail.com\&quot; | \&quot;true\&quot; | \&quot;true\&quot; | \&quot;Biblioteca\&quot; |" name="Entao deve ser exibida a mensagem \&quot;Respons\u00E1vel cadastrado com Sucesso!\&quot;" time="0.008">
    <skipped/>
  </testcase>
  <testcase classname="| \&quot;Carlos Macedo\&quot; | \&quot;C2345M\&quot; | \&quot;carlos_macedo@gmail.com\&quot; | \&quot;true\&quot; | \&quot;true\&quot; | \&quot;Biblioteca\&quot; |" name="| \&quot;Carlos Macedo\&quot; | \&quot;C2345M\&quot; | \&quot;carlos_macedo@gmail.com\&quot; | \&quot;true\&quot; | \&quot;true\&quot; | \&quot;Biblioteca\&quot; |" time="0.008">
    <skipped/>
  </testcase>
  <testcase classname="| \&quot;Carlos Macedo\&quot; | \&quot;C2345M\&quot; | \&quot;carlos_macedo@gmail.com\&quot; | \&quot;true\&quot; | \&quot;true\&quot; | \&quot;Biblioteca\&quot; |" name="| \&quot;Carlos Macedo\&quot; | \&quot;C2345M\&quot; | \&quot;carlos_macedo@gmail.com\&quot; | \&quot;true\&quot; | \&quot;true\&quot; | \&quot;Biblioteca\&quot; |" time="0.008"/>
  <testcase classname="| \&quot;Renata Macia\&quot; | \&quot;Ren9845\&quot; | \&quot;renata_macia@hotmail.com\&quot; | \&quot;false\&quot; | \&quot;\&quot; | \&quot;\&quot; |" name="Dado a tela inicial do cadastro aberta" time="0"/>
  <testcase classname="| \&quot;Renata Macia\&quot; | \&quot;Ren9845\&quot; | \&quot;renata_macia@hotmail.com\&quot; | \&quot;false\&quot; | \&quot;\&quot; | \&quot;\&quot; |" name="Quando o usuario informar o \&quot;Renata Macia\&quot; \u002C \&quot;renata_macia@hotmail.com\&quot; \u002C  \&quot;Ren9845\&quot; \u002C se e \&quot;false\&quot; . Caso seja tambem informar se e \&quot;\&quot; e o \&quot;\&quot;" time="0">
    <skipped/>
  </testcase>
  <testcase classname="| \&quot;Renata Macia\&quot; | \&quot;Ren9845\&quot; | \&quot;renata_macia@hotmail.com\&quot; | \&quot;false\&quot; | \&quot;\&quot; | \&quot;\&quot; |" name="E confirmar a senha \&quot;Ren9845\&quot;" time="0">
    <skipped/>
  </testcase>
  <testcase classname="| \&quot;Renata Macia\&quot; | \&quot;Ren9845\&quot; | \&quot;renata_macia@hotmail.com\&quot; | \&quot;false\&quot; | \&quot;\&quot; | \&quot;\&quot; |" name="Entao deve ser exibida a mensagem \&quot;Respons\u00E1vel cadastrado com Sucesso!\&quot;" time="0.002">
    <skipped/>
  </testcase>
  <testcase classname="| \&quot;Renata Macia\&quot; | \&quot;Ren9845\&quot; | \&quot;renata_macia@hotmail.com\&quot; | \&quot;false\&quot; | \&quot;\&quot; | \&quot;\&quot; |" name="| \&quot;Renata Macia\&quot; | \&quot;Ren9845\&quot; | \&quot;renata_macia@hotmail.com\&quot; | \&quot;false\&quot; | \&quot;\&quot; | \&quot;\&quot; |" time="0.002">
    <skipped/>
  </testcase>
  <testcase classname="| \&quot;Renata Macia\&quot; | \&quot;Ren9845\&quot; | \&quot;renata_macia@hotmail.com\&quot; | \&quot;false\&quot; | \&quot;\&quot; | \&quot;\&quot; |" name="| \&quot;Renata Macia\&quot; | \&quot;Ren9845\&quot; | \&quot;renata_macia@hotmail.com\&quot; | \&quot;false\&quot; | \&quot;\&quot; | \&quot;\&quot; |" time="0.002"/>
  <testcase classname="| \&quot;Joaquim Nunes\&quot; | \&quot;1221JM\&quot; | \&quot;joaquim_nunes@gmail.com\&quot; | \&quot;true\&quot; | \&quot;false\&quot; | \&quot;DASE\&quot; |" name="Dado a tela inicial do cadastro aberta" time="0"/>
  <testcase classname="| \&quot;Joaquim Nunes\&quot; | \&quot;1221JM\&quot; | \&quot;joaquim_nunes@gmail.com\&quot; | \&quot;true\&quot; | \&quot;false\&quot; | \&quot;DASE\&quot; |" name="Quando o usuario informar o \&quot;Joaquim Nunes\&quot; \u002C \&quot;joaquim_nunes@gmail.com\&quot; \u002C  \&quot;1221JM\&quot; \u002C se e \&quot;true\&quot; . Caso seja tambem informar se e \&quot;false\&quot; e o \&quot;DASE\&quot;" time="0">
    <skipped/>
  </testcase>
  <testcase classname="| \&quot;Joaquim Nunes\&quot; | \&quot;1221JM\&quot; | \&quot;joaquim_nunes@gmail.com\&quot; | \&quot;true\&quot; | \&quot;false\&quot; | \&quot;DASE\&quot; |" name="E confirmar a senha \&quot;1221JM\&quot;" time="0">
    <skipped/>
  </testcase>
  <testcase classname="| \&quot;Joaquim Nunes\&quot; | \&quot;1221JM\&quot; | \&quot;joaquim_nunes@gmail.com\&quot; | \&quot;true\&quot; | \&quot;false\&quot; | \&quot;DASE\&quot; |" name="Entao deve ser exibida a mensagem \&quot;Respons\u00E1vel cadastrado com Sucesso!\&quot;" time="0">
    <skipped/>
  </testcase>
  <testcase classname="| \&quot;Joaquim Nunes\&quot; | \&quot;1221JM\&quot; | \&quot;joaquim_nunes@gmail.com\&quot; | \&quot;true\&quot; | \&quot;false\&quot; | \&quot;DASE\&quot; |" name="| \&quot;Joaquim Nunes\&quot; | \&quot;1221JM\&quot; | \&quot;joaquim_nunes@gmail.com\&quot; | \&quot;true\&quot; | \&quot;false\&quot; | \&quot;DASE\&quot; |" time="0">
    <skipped/>
  </testcase>
  <testcase classname="| \&quot;Joaquim Nunes\&quot; | \&quot;1221JM\&quot; | \&quot;joaquim_nunes@gmail.com\&quot; | \&quot;true\&quot; | \&quot;false\&quot; | \&quot;DASE\&quot; |" name="| \&quot;Joaquim Nunes\&quot; | \&quot;1221JM\&quot; | \&quot;joaquim_nunes@gmail.com\&quot; | \&quot;true\&quot; | \&quot;false\&quot; | \&quot;DASE\&quot; |" time="0"/>
</testsuite>