<?xml version="1.0" encoding="UTF-8" ?>
<testsuite tests="42" failures="0" name="RunTests" time="38.676" errors="12" skipped="3">
  <properties>
    <property name="java.runtime.name" value="Java(TM) SE Runtime Environment"/>
    <property name="sun.boot.library.path" value="C:\Program Files\Java\jdk1.8.0_144\jre\bin"/>
    <property name="java.vm.version" value="25.144-b01"/>
    <property name="user.country.format" value="BR"/>
    <property name="java.vm.vendor" value="Oracle Corporation"/>
    <property name="java.vendor.url" value="http://java.oracle.com/"/>
    <property name="path.separator" value=";"/>
    <property name="guice.disable.misplaced.annotation.check" value="true"/>
    <property name="java.vm.name" value="Java HotSpot(TM) 64-Bit Server VM"/>
    <property name="file.encoding.pkg" value="sun.io"/>
    <property name="user.script" value=""/>
    <property name="user.country" value="US"/>
    <property name="sun.java.launcher" value="SUN_STANDARD"/>
    <property name="sun.os.patch.level" value=""/>
    <property name="test" value="RunTests"/>
    <property name="java.vm.specification.name" value="Java Virtual Machine Specification"/>
    <property name="user.dir" value="C:\Users\Natália\Desktop\SISRES"/>
    <property name="java.runtime.version" value="1.8.0_144-b01"/>
    <property name="java.awt.graphicsenv" value="sun.awt.Win32GraphicsEnvironment"/>
    <property name="java.endorsed.dirs" value="C:\Program Files\Java\jdk1.8.0_144\jre\lib\endorsed"/>
    <property name="os.arch" value="amd64"/>
    <property name="java.io.tmpdir" value="C:\Users\NATLIA~1\AppData\Local\Temp\"/>
    <property name="line.separator" value="
"/>
    <property name="java.vm.specification.vendor" value="Oracle Corporation"/>
    <property name="user.variant" value=""/>
    <property name="os.name" value="Windows 8.1"/>
    <property name="maven.ext.class.path" value="C:\Program Files\NetBeans 8.2\java\maven-nblib\netbeans-eventspy.jar"/>
    <property name="classworlds.conf" value="C:\Program Files\NetBeans 8.2\java\maven\bin\m2.conf"/>
    <property name="sun.jnu.encoding" value="Cp1252"/>
    <property name="java.library.path" value="C:\Program Files\Java\jdk1.8.0_144\bin;C:\Windows\Sun\Java\bin;C:\Windows\system32;C:\Windows;C:\ProgramData\Oracle\Java\javapath;C:\Program Files\Java\jdk1.8.0_144\bin;C:\Program Files\Microsoft SQL Server\130\Tools\Binn\;C:\Program Files\dotnet\;C:\Program Files\TortoiseSVN\bin;C:\Program Files\Java\jdk1.8.0_144\bin;C:\Program Files\Java\jdk1.8.0_144\jre\bin;C:\Ruby24-x64\bin;."/>
    <property name="java.specification.name" value="Java Platform API Specification"/>
    <property name="java.class.version" value="52.0"/>
    <property name="sun.management.compiler" value="HotSpot 64-Bit Tiered Compilers"/>
    <property name="os.version" value="6.3"/>
    <property name="user.home" value="C:\Users\Natália"/>
    <property name="user.timezone" value="America/Sao_Paulo"/>
    <property name="java.awt.printerjob" value="sun.awt.windows.WPrinterJob"/>
    <property name="java.specification.version" value="1.8"/>
    <property name="file.encoding" value="UTF-8"/>
    <property name="user.name" value="Natália"/>
    <property name="java.class.path" value="C:\Program Files\NetBeans 8.2\java\maven\boot\plexus-classworlds-2.4.jar"/>
    <property name="java.vm.specification.version" value="1.8"/>
    <property name="sun.arch.data.model" value="64"/>
    <property name="java.home" value="C:\Program Files\Java\jdk1.8.0_144\jre"/>
    <property name="sun.java.command" value="org.codehaus.plexus.classworlds.launcher.Launcher -Dtest=RunTests -Dmaven.ext.class.path=C:\Program Files\NetBeans 8.2\java\maven-nblib\netbeans-eventspy.jar -Dfile.encoding=UTF-8 surefire:test"/>
    <property name="java.specification.vendor" value="Oracle Corporation"/>
    <property name="user.language" value="en"/>
    <property name="user.language.format" value="pt"/>
    <property name="awt.toolkit" value="sun.awt.windows.WToolkit"/>
    <property name="java.vm.info" value="mixed mode"/>
    <property name="java.version" value="1.8.0_144"/>
    <property name="java.ext.dirs" value="C:\Program Files\Java\jdk1.8.0_144\jre\lib\ext;C:\Windows\Sun\Java\lib\ext"/>
    <property name="sun.boot.class.path" value="C:\Program Files\Java\jdk1.8.0_144\jre\lib\resources.jar;C:\Program Files\Java\jdk1.8.0_144\jre\lib\rt.jar;C:\Program Files\Java\jdk1.8.0_144\jre\lib\sunrsasign.jar;C:\Program Files\Java\jdk1.8.0_144\jre\lib\jsse.jar;C:\Program Files\Java\jdk1.8.0_144\jre\lib\jce.jar;C:\Program Files\Java\jdk1.8.0_144\jre\lib\charsets.jar;C:\Program Files\Java\jdk1.8.0_144\jre\lib\jfr.jar;C:\Program Files\Java\jdk1.8.0_144\jre\classes"/>
    <property name="java.vendor" value="Oracle Corporation"/>
    <property name="maven.home" value="C:\Program Files\NetBeans 8.2\java\maven"/>
    <property name="file.separator" value="\"/>
    <property name="java.vendor.url.bug" value="http://bugreport.sun.com/bugreport/"/>
    <property name="sun.cpu.endian" value="little"/>
    <property name="sun.io.unicode.encoding" value="UnicodeLittle"/>
    <property name="sun.desktop" value="windows"/>
    <property name="sun.cpu.isalist" value="amd64"/>
  </properties>
  <testcase classname="| \&quot;Carlos Macedo\&quot; | \&quot;C2345M\&quot; |" name="Dado a tela inicial do responsavel aberta" time="0"/>
  <testcase classname="| \&quot;Carlos Macedo\&quot; | \&quot;C2345M\&quot; |" name="Quando o administrador informar o \&quot;Carlos Macedo\&quot; e a senha \&quot;C2345M\&quot; do responsavel" time="0"/>
  <testcase classname="| \&quot;Carlos Macedo\&quot; | \&quot;C2345M\&quot; |" name="E confirmar a senha \&quot;C2345M\&quot;" time="0"/>
  <testcase classname="| \&quot;Carlos Macedo\&quot; | \&quot;C2345M\&quot; |" name="Entao deve ser exibida a mensagem \&quot;Respons\u00E1vel cadastrado com Sucesso!\&quot;" time="0"/>
  <testcase classname="| \&quot;Carlos Macedo\&quot; | \&quot;C2345M\&quot; |" name="| \&quot;Carlos Macedo\&quot; | \&quot;C2345M\&quot; |" time="0"/>
  <testcase classname="| \&quot;Renata Macia\&quot; | \&quot;Ren9845\&quot; |" name="Dado a tela inicial do responsavel aberta" time="0"/>
  <testcase classname="| \&quot;Renata Macia\&quot; | \&quot;Ren9845\&quot; |" name="Quando o administrador informar o \&quot;Renata Macia\&quot; e a senha \&quot;Ren9845\&quot; do responsavel" time="0"/>
  <testcase classname="| \&quot;Renata Macia\&quot; | \&quot;Ren9845\&quot; |" name="E confirmar a senha \&quot;Ren9845\&quot;" time="0"/>
  <testcase classname="| \&quot;Renata Macia\&quot; | \&quot;Ren9845\&quot; |" name="Entao deve ser exibida a mensagem \&quot;Respons\u00E1vel cadastrado com Sucesso!\&quot;" time="0"/>
  <testcase classname="| \&quot;Renata Macia\&quot; | \&quot;Ren9845\&quot; |" name="| \&quot;Renata Macia\&quot; | \&quot;Ren9845\&quot; |" time="0"/>
  <testcase classname="| \&quot;Joaquim Nunes\&quot; | \&quot;1221JM\&quot; |" name="Dado a tela inicial do responsavel aberta" time="0"/>
  <testcase classname="| \&quot;Joaquim Nunes\&quot; | \&quot;1221JM\&quot; |" name="Quando o administrador informar o \&quot;Joaquim Nunes\&quot; e a senha \&quot;1221JM\&quot; do responsavel" time="0"/>
  <testcase classname="| \&quot;Joaquim Nunes\&quot; | \&quot;1221JM\&quot; |" name="E confirmar a senha \&quot;1221JM\&quot;" time="0"/>
  <testcase classname="| \&quot;Joaquim Nunes\&quot; | \&quot;1221JM\&quot; |" name="Entao deve ser exibida a mensagem \&quot;Respons\u00E1vel cadastrado com Sucesso!\&quot;" time="0"/>
  <testcase classname="| \&quot;Joaquim Nunes\&quot; | \&quot;1221JM\&quot; |" name="| \&quot;Joaquim Nunes\&quot; | \&quot;1221JM\&quot; |" time="0"/>
  <testcase classname="| \&quot;Renata Macia\&quot; | \&quot;Marcia Cavalcanti\&quot; |" name="Dado a tela inicial do responsavel aberta" time="0"/>
  <testcase classname="| \&quot;Renata Macia\&quot; | \&quot;Marcia Cavalcanti\&quot; |" name="Quando o administrador selecionar o \&quot;Renata Macia\&quot; que deseja alterar" time="0"/>
  <testcase classname="| \&quot;Renata Macia\&quot; | \&quot;Marcia Cavalcanti\&quot; |" name="E alterar o seu \&quot;Marcia Cavalcanti\&quot;" time="0.015">
    <error type="java.lang.NullPointerException">java.lang.NullPointerException
	at step_definitions.ResponsavelSteps.alterar_o_seu(ResponsavelSteps.java:139)
	at ✽.E alterar o seu &quot;Marcia Cavalcanti&quot;(src/main/java/features/Responsavel.feature:20)
</error>
  </testcase>
  <testcase classname="| \&quot;Renata Macia\&quot; | \&quot;Marcia Cavalcanti\&quot; |" name="| \&quot;Renata Macia\&quot; | \&quot;Marcia Cavalcanti\&quot; |" time="0.015">
    <error type="java.lang.NullPointerException">java.lang.NullPointerException
	at step_definitions.ResponsavelSteps.alterar_o_seu(ResponsavelSteps.java:139)
	at ✽.E alterar o seu &quot;Marcia Cavalcanti&quot;(src/main/java/features/Responsavel.feature:20)
</error>
  </testcase>
  <testcase classname="| \&quot;Renata Macia\&quot; | \&quot;Marcia Cavalcanti\&quot; |" name="Entao deve ser exibida a mensagem \&quot;Respons\u00E1vel alterado com Sucesso!\&quot;" time="0.015">
    <skipped/>
  </testcase>
  <testcase classname="| \&quot;Joaquim Nunes\&quot; | \&quot;Fabio Martins\&quot; |" name="Dado a tela inicial do responsavel aberta" time="0"/>
  <testcase classname="| \&quot;Joaquim Nunes\&quot; | \&quot;Fabio Martins\&quot; |" name="Quando o administrador selecionar o \&quot;Joaquim Nunes\&quot; que deseja alterar" time="0"/>
  <testcase classname="| \&quot;Joaquim Nunes\&quot; | \&quot;Fabio Martins\&quot; |" name="E alterar o seu \&quot;Fabio Martins\&quot;" time="0">
    <error type="java.lang.NullPointerException">java.lang.NullPointerException
	at step_definitions.ResponsavelSteps.alterar_o_seu(ResponsavelSteps.java:139)
	at ✽.E alterar o seu &quot;Fabio Martins&quot;(src/main/java/features/Responsavel.feature:20)
</error>
  </testcase>
  <testcase classname="| \&quot;Joaquim Nunes\&quot; | \&quot;Fabio Martins\&quot; |" name="| \&quot;Joaquim Nunes\&quot; | \&quot;Fabio Martins\&quot; |" time="0">
    <error type="java.lang.NullPointerException">java.lang.NullPointerException
	at step_definitions.ResponsavelSteps.alterar_o_seu(ResponsavelSteps.java:139)
	at ✽.E alterar o seu &quot;Fabio Martins&quot;(src/main/java/features/Responsavel.feature:20)
</error>
  </testcase>
  <testcase classname="| \&quot;Joaquim Nunes\&quot; | \&quot;Fabio Martins\&quot; |" name="Entao deve ser exibida a mensagem \&quot;Respons\u00E1vel alterado com Sucesso!\&quot;" time="0.016">
    <skipped/>
  </testcase>
  <testcase classname="| \&quot;Carlos Macedo\&quot; | \&quot;Ant\u00F4nio Vitor\&quot; |" name="Dado a tela inicial do responsavel aberta" time="0"/>
  <testcase classname="| \&quot;Carlos Macedo\&quot; | \&quot;Ant\u00F4nio Vitor\&quot; |" name="Quando o administrador selecionar o \&quot;Carlos Macedo\&quot; que deseja alterar" time="0"/>
  <testcase classname="| \&quot;Carlos Macedo\&quot; | \&quot;Ant\u00F4nio Vitor\&quot; |" name="E alterar o seu \&quot;Ant\u00F4nio Vitor\&quot;" time="0">
    <error type="java.lang.NullPointerException">java.lang.NullPointerException
	at step_definitions.ResponsavelSteps.alterar_o_seu(ResponsavelSteps.java:139)
	at ✽.E alterar o seu &quot;Antônio Vitor&quot;(src/main/java/features/Responsavel.feature:20)
</error>
  </testcase>
  <testcase classname="| \&quot;Carlos Macedo\&quot; | \&quot;Ant\u00F4nio Vitor\&quot; |" name="| \&quot;Carlos Macedo\&quot; | \&quot;Ant\u00F4nio Vitor\&quot; |" time="0">
    <error type="java.lang.NullPointerException">java.lang.NullPointerException
	at step_definitions.ResponsavelSteps.alterar_o_seu(ResponsavelSteps.java:139)
	at ✽.E alterar o seu &quot;Antônio Vitor&quot;(src/main/java/features/Responsavel.feature:20)
</error>
  </testcase>
  <testcase classname="| \&quot;Carlos Macedo\&quot; | \&quot;Ant\u00F4nio Vitor\&quot; |" name="Entao deve ser exibida a mensagem \&quot;Respons\u00E1vel alterado com Sucesso!\&quot;" time="0">
    <skipped/>
  </testcase>
  <testcase classname="| \&quot;Marcia Cavalcanti\&quot; |" name="Dado a tela inicial do responsavel aberta" time="0"/>
  <testcase classname="| \&quot;Marcia Cavalcanti\&quot; |" name="Quando o administrador selecionar o \&quot;Marcia Cavalcanti\&quot; que deseja remover" time="0"/>
  <testcase classname="| \&quot;Marcia Cavalcanti\&quot; |" name="Entao deve ser exibida a mensagem \&quot;Respons\u00E1vel removido com Sucesso!\&quot;" time="0">
    <error message="Unable to locate element: .ui\-growl\-title
For documentation on this error, please visit: http://seleniumhq.org/exceptions/no_such_element.html
Build info: version: &apos;3.6.0&apos;, revision: &apos;6fbf3ec767&apos;, time: &apos;2017-09-27T15:28:36.4Z&apos;
System info: host: &apos;NATÁLIA&apos;, ip: &apos;192.168.99.1&apos;, os.name: &apos;Windows 8.1&apos;, os.arch: &apos;amd64&apos;, os.version: &apos;6.3&apos;, java.version: &apos;1.8.0_144&apos;
Driver info: org.openqa.selenium.firefox.FirefoxDriver
Capabilities [{moz:profile=C:\Users\Natália\AppData\Local\Temp\rust_mozprofile.h4LRBvH8iOGH, rotatable=false, timeouts={implicit=0, pageLoad=300000, script=30000}, pageLoadStrategy=normal, moz:headless=false, platform=XP, specificationLevel=0, moz:accessibilityChecks=false, acceptInsecureCerts=true, browserVersion=56.0.2, platformVersion=6.3, moz:processID=4928, browserName=firefox, javascriptEnabled=true, platformName=XP}]
Session ID: e66a60ee-306c-4cd8-94b1-361b7dc3aefb
*** Element info: {Using=class name, value=ui-growl-title}" type="org.openqa.selenium.NoSuchElementException">org.openqa.selenium.NoSuchElementException: Unable to locate element: .ui\-growl\-title
For documentation on this error, please visit: http://seleniumhq.org/exceptions/no_such_element.html
Build info: version: &apos;3.6.0&apos;, revision: &apos;6fbf3ec767&apos;, time: &apos;2017-09-27T15:28:36.4Z&apos;
System info: host: &apos;NATÁLIA&apos;, ip: &apos;192.168.99.1&apos;, os.name: &apos;Windows 8.1&apos;, os.arch: &apos;amd64&apos;, os.version: &apos;6.3&apos;, java.version: &apos;1.8.0_144&apos;
Driver info: org.openqa.selenium.firefox.FirefoxDriver
Capabilities [{moz:profile=C:\Users\Natália\AppData\Local\Temp\rust_mozprofile.h4LRBvH8iOGH, rotatable=false, timeouts={implicit=0, pageLoad=300000, script=30000}, pageLoadStrategy=normal, moz:headless=false, platform=XP, specificationLevel=0, moz:accessibilityChecks=false, acceptInsecureCerts=true, browserVersion=56.0.2, platformVersion=6.3, moz:processID=4928, browserName=firefox, javascriptEnabled=true, platformName=XP}]
Session ID: e66a60ee-306c-4cd8-94b1-361b7dc3aefb
*** Element info: {Using=class name, value=ui-growl-title}
	at sun.reflect.NativeConstructorAccessorImpl.newInstance0(Native Method)
	at sun.reflect.NativeConstructorAccessorImpl.newInstance(NativeConstructorAccessorImpl.java:62)
	at sun.reflect.DelegatingConstructorAccessorImpl.newInstance(DelegatingConstructorAccessorImpl.java:45)
	at java.lang.reflect.Constructor.newInstance(Constructor.java:423)
	at org.openqa.selenium.remote.http.W3CHttpResponseCodec.createException(W3CHttpResponseCodec.java:185)
	at org.openqa.selenium.remote.http.W3CHttpResponseCodec.decode(W3CHttpResponseCodec.java:120)
	at org.openqa.selenium.remote.http.W3CHttpResponseCodec.decode(W3CHttpResponseCodec.java:49)
	at org.openqa.selenium.remote.HttpCommandExecutor.execute(HttpCommandExecutor.java:164)
	at org.openqa.selenium.remote.service.DriverCommandExecutor.execute(DriverCommandExecutor.java:83)
	at org.openqa.selenium.remote.RemoteWebDriver.execute(RemoteWebDriver.java:586)
	at org.openqa.selenium.remote.RemoteWebDriver.findElement(RemoteWebDriver.java:356)
	at org.openqa.selenium.remote.RemoteWebDriver.findElementByClassName(RemoteWebDriver.java:442)
	at org.openqa.selenium.By$ByClassName.findElement(By.java:391)
	at org.openqa.selenium.remote.RemoteWebDriver.findElement(RemoteWebDriver.java:348)
	at step_definitions.ResponsavelSteps.deve_ser_exibida_a_mensagem(ResponsavelSteps.java:131)
	at ✽.Entao deve ser exibida a mensagem &quot;Responsável removido com Sucesso!&quot;(src/main/java/features/Responsavel.feature:32)
</error>
  </testcase>
  <testcase classname="| \&quot;Marcia Cavalcanti\&quot; |" name="| \&quot;Marcia Cavalcanti\&quot; |" time="0">
    <error message="Unable to locate element: .ui\-growl\-title
For documentation on this error, please visit: http://seleniumhq.org/exceptions/no_such_element.html
Build info: version: &apos;3.6.0&apos;, revision: &apos;6fbf3ec767&apos;, time: &apos;2017-09-27T15:28:36.4Z&apos;
System info: host: &apos;NATÁLIA&apos;, ip: &apos;192.168.99.1&apos;, os.name: &apos;Windows 8.1&apos;, os.arch: &apos;amd64&apos;, os.version: &apos;6.3&apos;, java.version: &apos;1.8.0_144&apos;
Driver info: org.openqa.selenium.firefox.FirefoxDriver
Capabilities [{moz:profile=C:\Users\Natália\AppData\Local\Temp\rust_mozprofile.h4LRBvH8iOGH, rotatable=false, timeouts={implicit=0, pageLoad=300000, script=30000}, pageLoadStrategy=normal, moz:headless=false, platform=XP, specificationLevel=0, moz:accessibilityChecks=false, acceptInsecureCerts=true, browserVersion=56.0.2, platformVersion=6.3, moz:processID=4928, browserName=firefox, javascriptEnabled=true, platformName=XP}]
Session ID: e66a60ee-306c-4cd8-94b1-361b7dc3aefb
*** Element info: {Using=class name, value=ui-growl-title}" type="org.openqa.selenium.NoSuchElementException">org.openqa.selenium.NoSuchElementException: Unable to locate element: .ui\-growl\-title
For documentation on this error, please visit: http://seleniumhq.org/exceptions/no_such_element.html
Build info: version: &apos;3.6.0&apos;, revision: &apos;6fbf3ec767&apos;, time: &apos;2017-09-27T15:28:36.4Z&apos;
System info: host: &apos;NATÁLIA&apos;, ip: &apos;192.168.99.1&apos;, os.name: &apos;Windows 8.1&apos;, os.arch: &apos;amd64&apos;, os.version: &apos;6.3&apos;, java.version: &apos;1.8.0_144&apos;
Driver info: org.openqa.selenium.firefox.FirefoxDriver
Capabilities [{moz:profile=C:\Users\Natália\AppData\Local\Temp\rust_mozprofile.h4LRBvH8iOGH, rotatable=false, timeouts={implicit=0, pageLoad=300000, script=30000}, pageLoadStrategy=normal, moz:headless=false, platform=XP, specificationLevel=0, moz:accessibilityChecks=false, acceptInsecureCerts=true, browserVersion=56.0.2, platformVersion=6.3, moz:processID=4928, browserName=firefox, javascriptEnabled=true, platformName=XP}]
Session ID: e66a60ee-306c-4cd8-94b1-361b7dc3aefb
*** Element info: {Using=class name, value=ui-growl-title}
	at sun.reflect.NativeConstructorAccessorImpl.newInstance0(Native Method)
	at sun.reflect.NativeConstructorAccessorImpl.newInstance(NativeConstructorAccessorImpl.java:62)
	at sun.reflect.DelegatingConstructorAccessorImpl.newInstance(DelegatingConstructorAccessorImpl.java:45)
	at java.lang.reflect.Constructor.newInstance(Constructor.java:423)
	at org.openqa.selenium.remote.http.W3CHttpResponseCodec.createException(W3CHttpResponseCodec.java:185)
	at org.openqa.selenium.remote.http.W3CHttpResponseCodec.decode(W3CHttpResponseCodec.java:120)
	at org.openqa.selenium.remote.http.W3CHttpResponseCodec.decode(W3CHttpResponseCodec.java:49)
	at org.openqa.selenium.remote.HttpCommandExecutor.execute(HttpCommandExecutor.java:164)
	at org.openqa.selenium.remote.service.DriverCommandExecutor.execute(DriverCommandExecutor.java:83)
	at org.openqa.selenium.remote.RemoteWebDriver.execute(RemoteWebDriver.java:586)
	at org.openqa.selenium.remote.RemoteWebDriver.findElement(RemoteWebDriver.java:356)
	at org.openqa.selenium.remote.RemoteWebDriver.findElementByClassName(RemoteWebDriver.java:442)
	at org.openqa.selenium.By$ByClassName.findElement(By.java:391)
	at org.openqa.selenium.remote.RemoteWebDriver.findElement(RemoteWebDriver.java:348)
	at step_definitions.ResponsavelSteps.deve_ser_exibida_a_mensagem(ResponsavelSteps.java:131)
	at ✽.Entao deve ser exibida a mensagem &quot;Responsável removido com Sucesso!&quot;(src/main/java/features/Responsavel.feature:32)
</error>
  </testcase>
  <testcase classname="| \&quot;Fabio Martins\&quot; |" name="Dado a tela inicial do responsavel aberta" time="0"/>
  <testcase classname="| \&quot;Fabio Martins\&quot; |" name="Quando o administrador selecionar o \&quot;Fabio Martins\&quot; que deseja remover" time="0"/>
  <testcase classname="| \&quot;Fabio Martins\&quot; |" name="Entao deve ser exibida a mensagem \&quot;Respons\u00E1vel removido com Sucesso!\&quot;" time="0">
    <error message="Unable to locate element: .ui\-growl\-title
For documentation on this error, please visit: http://seleniumhq.org/exceptions/no_such_element.html
Build info: version: &apos;3.6.0&apos;, revision: &apos;6fbf3ec767&apos;, time: &apos;2017-09-27T15:28:36.4Z&apos;
System info: host: &apos;NATÁLIA&apos;, ip: &apos;192.168.99.1&apos;, os.name: &apos;Windows 8.1&apos;, os.arch: &apos;amd64&apos;, os.version: &apos;6.3&apos;, java.version: &apos;1.8.0_144&apos;
Driver info: org.openqa.selenium.firefox.FirefoxDriver
Capabilities [{moz:profile=C:\Users\Natália\AppData\Local\Temp\rust_mozprofile.h4LRBvH8iOGH, rotatable=false, timeouts={implicit=0, pageLoad=300000, script=30000}, pageLoadStrategy=normal, moz:headless=false, platform=XP, specificationLevel=0, moz:accessibilityChecks=false, acceptInsecureCerts=true, browserVersion=56.0.2, platformVersion=6.3, moz:processID=4928, browserName=firefox, javascriptEnabled=true, platformName=XP}]
Session ID: e66a60ee-306c-4cd8-94b1-361b7dc3aefb
*** Element info: {Using=class name, value=ui-growl-title}" type="org.openqa.selenium.NoSuchElementException">org.openqa.selenium.NoSuchElementException: Unable to locate element: .ui\-growl\-title
For documentation on this error, please visit: http://seleniumhq.org/exceptions/no_such_element.html
Build info: version: &apos;3.6.0&apos;, revision: &apos;6fbf3ec767&apos;, time: &apos;2017-09-27T15:28:36.4Z&apos;
System info: host: &apos;NATÁLIA&apos;, ip: &apos;192.168.99.1&apos;, os.name: &apos;Windows 8.1&apos;, os.arch: &apos;amd64&apos;, os.version: &apos;6.3&apos;, java.version: &apos;1.8.0_144&apos;
Driver info: org.openqa.selenium.firefox.FirefoxDriver
Capabilities [{moz:profile=C:\Users\Natália\AppData\Local\Temp\rust_mozprofile.h4LRBvH8iOGH, rotatable=false, timeouts={implicit=0, pageLoad=300000, script=30000}, pageLoadStrategy=normal, moz:headless=false, platform=XP, specificationLevel=0, moz:accessibilityChecks=false, acceptInsecureCerts=true, browserVersion=56.0.2, platformVersion=6.3, moz:processID=4928, browserName=firefox, javascriptEnabled=true, platformName=XP}]
Session ID: e66a60ee-306c-4cd8-94b1-361b7dc3aefb
*** Element info: {Using=class name, value=ui-growl-title}
	at sun.reflect.NativeConstructorAccessorImpl.newInstance0(Native Method)
	at sun.reflect.NativeConstructorAccessorImpl.newInstance(NativeConstructorAccessorImpl.java:62)
	at sun.reflect.DelegatingConstructorAccessorImpl.newInstance(DelegatingConstructorAccessorImpl.java:45)
	at java.lang.reflect.Constructor.newInstance(Constructor.java:423)
	at org.openqa.selenium.remote.http.W3CHttpResponseCodec.createException(W3CHttpResponseCodec.java:185)
	at org.openqa.selenium.remote.http.W3CHttpResponseCodec.decode(W3CHttpResponseCodec.java:120)
	at org.openqa.selenium.remote.http.W3CHttpResponseCodec.decode(W3CHttpResponseCodec.java:49)
	at org.openqa.selenium.remote.HttpCommandExecutor.execute(HttpCommandExecutor.java:164)
	at org.openqa.selenium.remote.service.DriverCommandExecutor.execute(DriverCommandExecutor.java:83)
	at org.openqa.selenium.remote.RemoteWebDriver.execute(RemoteWebDriver.java:586)
	at org.openqa.selenium.remote.RemoteWebDriver.findElement(RemoteWebDriver.java:356)
	at org.openqa.selenium.remote.RemoteWebDriver.findElementByClassName(RemoteWebDriver.java:442)
	at org.openqa.selenium.By$ByClassName.findElement(By.java:391)
	at org.openqa.selenium.remote.RemoteWebDriver.findElement(RemoteWebDriver.java:348)
	at step_definitions.ResponsavelSteps.deve_ser_exibida_a_mensagem(ResponsavelSteps.java:131)
	at ✽.Entao deve ser exibida a mensagem &quot;Responsável removido com Sucesso!&quot;(src/main/java/features/Responsavel.feature:32)
</error>
  </testcase>
  <testcase classname="| \&quot;Fabio Martins\&quot; |" name="| \&quot;Fabio Martins\&quot; |" time="0">
    <error message="Unable to locate element: .ui\-growl\-title
For documentation on this error, please visit: http://seleniumhq.org/exceptions/no_such_element.html
Build info: version: &apos;3.6.0&apos;, revision: &apos;6fbf3ec767&apos;, time: &apos;2017-09-27T15:28:36.4Z&apos;
System info: host: &apos;NATÁLIA&apos;, ip: &apos;192.168.99.1&apos;, os.name: &apos;Windows 8.1&apos;, os.arch: &apos;amd64&apos;, os.version: &apos;6.3&apos;, java.version: &apos;1.8.0_144&apos;
Driver info: org.openqa.selenium.firefox.FirefoxDriver
Capabilities [{moz:profile=C:\Users\Natália\AppData\Local\Temp\rust_mozprofile.h4LRBvH8iOGH, rotatable=false, timeouts={implicit=0, pageLoad=300000, script=30000}, pageLoadStrategy=normal, moz:headless=false, platform=XP, specificationLevel=0, moz:accessibilityChecks=false, acceptInsecureCerts=true, browserVersion=56.0.2, platformVersion=6.3, moz:processID=4928, browserName=firefox, javascriptEnabled=true, platformName=XP}]
Session ID: e66a60ee-306c-4cd8-94b1-361b7dc3aefb
*** Element info: {Using=class name, value=ui-growl-title}" type="org.openqa.selenium.NoSuchElementException">org.openqa.selenium.NoSuchElementException: Unable to locate element: .ui\-growl\-title
For documentation on this error, please visit: http://seleniumhq.org/exceptions/no_such_element.html
Build info: version: &apos;3.6.0&apos;, revision: &apos;6fbf3ec767&apos;, time: &apos;2017-09-27T15:28:36.4Z&apos;
System info: host: &apos;NATÁLIA&apos;, ip: &apos;192.168.99.1&apos;, os.name: &apos;Windows 8.1&apos;, os.arch: &apos;amd64&apos;, os.version: &apos;6.3&apos;, java.version: &apos;1.8.0_144&apos;
Driver info: org.openqa.selenium.firefox.FirefoxDriver
Capabilities [{moz:profile=C:\Users\Natália\AppData\Local\Temp\rust_mozprofile.h4LRBvH8iOGH, rotatable=false, timeouts={implicit=0, pageLoad=300000, script=30000}, pageLoadStrategy=normal, moz:headless=false, platform=XP, specificationLevel=0, moz:accessibilityChecks=false, acceptInsecureCerts=true, browserVersion=56.0.2, platformVersion=6.3, moz:processID=4928, browserName=firefox, javascriptEnabled=true, platformName=XP}]
Session ID: e66a60ee-306c-4cd8-94b1-361b7dc3aefb
*** Element info: {Using=class name, value=ui-growl-title}
	at sun.reflect.NativeConstructorAccessorImpl.newInstance0(Native Method)
	at sun.reflect.NativeConstructorAccessorImpl.newInstance(NativeConstructorAccessorImpl.java:62)
	at sun.reflect.DelegatingConstructorAccessorImpl.newInstance(DelegatingConstructorAccessorImpl.java:45)
	at java.lang.reflect.Constructor.newInstance(Constructor.java:423)
	at org.openqa.selenium.remote.http.W3CHttpResponseCodec.createException(W3CHttpResponseCodec.java:185)
	at org.openqa.selenium.remote.http.W3CHttpResponseCodec.decode(W3CHttpResponseCodec.java:120)
	at org.openqa.selenium.remote.http.W3CHttpResponseCodec.decode(W3CHttpResponseCodec.java:49)
	at org.openqa.selenium.remote.HttpCommandExecutor.execute(HttpCommandExecutor.java:164)
	at org.openqa.selenium.remote.service.DriverCommandExecutor.execute(DriverCommandExecutor.java:83)
	at org.openqa.selenium.remote.RemoteWebDriver.execute(RemoteWebDriver.java:586)
	at org.openqa.selenium.remote.RemoteWebDriver.findElement(RemoteWebDriver.java:356)
	at org.openqa.selenium.remote.RemoteWebDriver.findElementByClassName(RemoteWebDriver.java:442)
	at org.openqa.selenium.By$ByClassName.findElement(By.java:391)
	at org.openqa.selenium.remote.RemoteWebDriver.findElement(RemoteWebDriver.java:348)
	at step_definitions.ResponsavelSteps.deve_ser_exibida_a_mensagem(ResponsavelSteps.java:131)
	at ✽.Entao deve ser exibida a mensagem &quot;Responsável removido com Sucesso!&quot;(src/main/java/features/Responsavel.feature:32)
</error>
  </testcase>
  <testcase classname="| \&quot;Ant\u00F4nio Vitor\&quot; |" name="Dado a tela inicial do responsavel aberta" time="0"/>
  <testcase classname="| \&quot;Ant\u00F4nio Vitor\&quot; |" name="Quando o administrador selecionar o \&quot;Ant\u00F4nio Vitor\&quot; que deseja remover" time="0"/>
  <testcase classname="| \&quot;Ant\u00F4nio Vitor\&quot; |" name="Entao deve ser exibida a mensagem \&quot;Respons\u00E1vel removido com Sucesso!\&quot;" time="0">
    <error message="Unable to locate element: .ui\-growl\-title
For documentation on this error, please visit: http://seleniumhq.org/exceptions/no_such_element.html
Build info: version: &apos;3.6.0&apos;, revision: &apos;6fbf3ec767&apos;, time: &apos;2017-09-27T15:28:36.4Z&apos;
System info: host: &apos;NATÁLIA&apos;, ip: &apos;192.168.99.1&apos;, os.name: &apos;Windows 8.1&apos;, os.arch: &apos;amd64&apos;, os.version: &apos;6.3&apos;, java.version: &apos;1.8.0_144&apos;
Driver info: org.openqa.selenium.firefox.FirefoxDriver
Capabilities [{moz:profile=C:\Users\Natália\AppData\Local\Temp\rust_mozprofile.h4LRBvH8iOGH, rotatable=false, timeouts={implicit=0, pageLoad=300000, script=30000}, pageLoadStrategy=normal, moz:headless=false, platform=XP, specificationLevel=0, moz:accessibilityChecks=false, acceptInsecureCerts=true, browserVersion=56.0.2, platformVersion=6.3, moz:processID=4928, browserName=firefox, javascriptEnabled=true, platformName=XP}]
Session ID: e66a60ee-306c-4cd8-94b1-361b7dc3aefb
*** Element info: {Using=class name, value=ui-growl-title}" type="org.openqa.selenium.NoSuchElementException">org.openqa.selenium.NoSuchElementException: Unable to locate element: .ui\-growl\-title
For documentation on this error, please visit: http://seleniumhq.org/exceptions/no_such_element.html
Build info: version: &apos;3.6.0&apos;, revision: &apos;6fbf3ec767&apos;, time: &apos;2017-09-27T15:28:36.4Z&apos;
System info: host: &apos;NATÁLIA&apos;, ip: &apos;192.168.99.1&apos;, os.name: &apos;Windows 8.1&apos;, os.arch: &apos;amd64&apos;, os.version: &apos;6.3&apos;, java.version: &apos;1.8.0_144&apos;
Driver info: org.openqa.selenium.firefox.FirefoxDriver
Capabilities [{moz:profile=C:\Users\Natália\AppData\Local\Temp\rust_mozprofile.h4LRBvH8iOGH, rotatable=false, timeouts={implicit=0, pageLoad=300000, script=30000}, pageLoadStrategy=normal, moz:headless=false, platform=XP, specificationLevel=0, moz:accessibilityChecks=false, acceptInsecureCerts=true, browserVersion=56.0.2, platformVersion=6.3, moz:processID=4928, browserName=firefox, javascriptEnabled=true, platformName=XP}]
Session ID: e66a60ee-306c-4cd8-94b1-361b7dc3aefb
*** Element info: {Using=class name, value=ui-growl-title}
	at sun.reflect.NativeConstructorAccessorImpl.newInstance0(Native Method)
	at sun.reflect.NativeConstructorAccessorImpl.newInstance(NativeConstructorAccessorImpl.java:62)
	at sun.reflect.DelegatingConstructorAccessorImpl.newInstance(DelegatingConstructorAccessorImpl.java:45)
	at java.lang.reflect.Constructor.newInstance(Constructor.java:423)
	at org.openqa.selenium.remote.http.W3CHttpResponseCodec.createException(W3CHttpResponseCodec.java:185)
	at org.openqa.selenium.remote.http.W3CHttpResponseCodec.decode(W3CHttpResponseCodec.java:120)
	at org.openqa.selenium.remote.http.W3CHttpResponseCodec.decode(W3CHttpResponseCodec.java:49)
	at org.openqa.selenium.remote.HttpCommandExecutor.execute(HttpCommandExecutor.java:164)
	at org.openqa.selenium.remote.service.DriverCommandExecutor.execute(DriverCommandExecutor.java:83)
	at org.openqa.selenium.remote.RemoteWebDriver.execute(RemoteWebDriver.java:586)
	at org.openqa.selenium.remote.RemoteWebDriver.findElement(RemoteWebDriver.java:356)
	at org.openqa.selenium.remote.RemoteWebDriver.findElementByClassName(RemoteWebDriver.java:442)
	at org.openqa.selenium.By$ByClassName.findElement(By.java:391)
	at org.openqa.selenium.remote.RemoteWebDriver.findElement(RemoteWebDriver.java:348)
	at step_definitions.ResponsavelSteps.deve_ser_exibida_a_mensagem(ResponsavelSteps.java:131)
	at ✽.Entao deve ser exibida a mensagem &quot;Responsável removido com Sucesso!&quot;(src/main/java/features/Responsavel.feature:32)
</error>
  </testcase>
  <testcase classname="| \&quot;Ant\u00F4nio Vitor\&quot; |" name="| \&quot;Ant\u00F4nio Vitor\&quot; |" time="0.031">
    <error message="Unable to locate element: .ui\-growl\-title
For documentation on this error, please visit: http://seleniumhq.org/exceptions/no_such_element.html
Build info: version: &apos;3.6.0&apos;, revision: &apos;6fbf3ec767&apos;, time: &apos;2017-09-27T15:28:36.4Z&apos;
System info: host: &apos;NATÁLIA&apos;, ip: &apos;192.168.99.1&apos;, os.name: &apos;Windows 8.1&apos;, os.arch: &apos;amd64&apos;, os.version: &apos;6.3&apos;, java.version: &apos;1.8.0_144&apos;
Driver info: org.openqa.selenium.firefox.FirefoxDriver
Capabilities [{moz:profile=C:\Users\Natália\AppData\Local\Temp\rust_mozprofile.h4LRBvH8iOGH, rotatable=false, timeouts={implicit=0, pageLoad=300000, script=30000}, pageLoadStrategy=normal, moz:headless=false, platform=XP, specificationLevel=0, moz:accessibilityChecks=false, acceptInsecureCerts=true, browserVersion=56.0.2, platformVersion=6.3, moz:processID=4928, browserName=firefox, javascriptEnabled=true, platformName=XP}]
Session ID: e66a60ee-306c-4cd8-94b1-361b7dc3aefb
*** Element info: {Using=class name, value=ui-growl-title}" type="org.openqa.selenium.NoSuchElementException">org.openqa.selenium.NoSuchElementException: Unable to locate element: .ui\-growl\-title
For documentation on this error, please visit: http://seleniumhq.org/exceptions/no_such_element.html
Build info: version: &apos;3.6.0&apos;, revision: &apos;6fbf3ec767&apos;, time: &apos;2017-09-27T15:28:36.4Z&apos;
System info: host: &apos;NATÁLIA&apos;, ip: &apos;192.168.99.1&apos;, os.name: &apos;Windows 8.1&apos;, os.arch: &apos;amd64&apos;, os.version: &apos;6.3&apos;, java.version: &apos;1.8.0_144&apos;
Driver info: org.openqa.selenium.firefox.FirefoxDriver
Capabilities [{moz:profile=C:\Users\Natália\AppData\Local\Temp\rust_mozprofile.h4LRBvH8iOGH, rotatable=false, timeouts={implicit=0, pageLoad=300000, script=30000}, pageLoadStrategy=normal, moz:headless=false, platform=XP, specificationLevel=0, moz:accessibilityChecks=false, acceptInsecureCerts=true, browserVersion=56.0.2, platformVersion=6.3, moz:processID=4928, browserName=firefox, javascriptEnabled=true, platformName=XP}]
Session ID: e66a60ee-306c-4cd8-94b1-361b7dc3aefb
*** Element info: {Using=class name, value=ui-growl-title}
	at sun.reflect.NativeConstructorAccessorImpl.newInstance0(Native Method)
	at sun.reflect.NativeConstructorAccessorImpl.newInstance(NativeConstructorAccessorImpl.java:62)
	at sun.reflect.DelegatingConstructorAccessorImpl.newInstance(DelegatingConstructorAccessorImpl.java:45)
	at java.lang.reflect.Constructor.newInstance(Constructor.java:423)
	at org.openqa.selenium.remote.http.W3CHttpResponseCodec.createException(W3CHttpResponseCodec.java:185)
	at org.openqa.selenium.remote.http.W3CHttpResponseCodec.decode(W3CHttpResponseCodec.java:120)
	at org.openqa.selenium.remote.http.W3CHttpResponseCodec.decode(W3CHttpResponseCodec.java:49)
	at org.openqa.selenium.remote.HttpCommandExecutor.execute(HttpCommandExecutor.java:164)
	at org.openqa.selenium.remote.service.DriverCommandExecutor.execute(DriverCommandExecutor.java:83)
	at org.openqa.selenium.remote.RemoteWebDriver.execute(RemoteWebDriver.java:586)
	at org.openqa.selenium.remote.RemoteWebDriver.findElement(RemoteWebDriver.java:356)
	at org.openqa.selenium.remote.RemoteWebDriver.findElementByClassName(RemoteWebDriver.java:442)
	at org.openqa.selenium.By$ByClassName.findElement(By.java:391)
	at org.openqa.selenium.remote.RemoteWebDriver.findElement(RemoteWebDriver.java:348)
	at step_definitions.ResponsavelSteps.deve_ser_exibida_a_mensagem(ResponsavelSteps.java:131)
	at ✽.Entao deve ser exibida a mensagem &quot;Responsável removido com Sucesso!&quot;(src/main/java/features/Responsavel.feature:32)
</error>
  </testcase>
</testsuite>